<?xml version="1.0" encoding="UTF-8"?>
<!-- Generated by org.testng.reporters.JUnitXMLReporter -->
<testsuite hostname="DESKTOP-KFPD178" ignored="0" name="Default test" tests="3" failures="0" timestamp="31 Oct 2020 23:04:11 GMT" time="0.056" errors="0">
  <testcase name="googleTitl" time="0.009" classname="naveenAutomaitonLB.TestNGBasics"/>
  <testcase name="googleTitl1" time="0.002" classname="naveenAutomaitonLB.TestNGBasics"/>
  <testcase name="googleTitleTest" time="0.001" classname="naveenAutomaitonLB.TestNGBasics"/>
</testsuite> <!-- Default test -->
