<?xml version="1.0" encoding="UTF-8"?>
<testng-results skipped="0" failed="0" ignored="0" total="3" passed="3">
  <reporter-output>
  </reporter-output>
  <suite name="Default suite" duration-ms="56" started-at="2020-10-31T23:04:11Z" finished-at="2020-10-31T23:04:11Z">
    <groups>
    </groups>
    <test name="Default test" duration-ms="56" started-at="2020-10-31T23:04:11Z" finished-at="2020-10-31T23:04:11Z">
      <class name="naveenAutomaitonLB.TestNGBasics">
        <test-method status="PASS" signature="setUp()[pri:0, instance:naveenAutomaitonLB.TestNGBasics@9fc9f91]" name="setUp" is-config="true" duration-ms="24" started-at="2020-10-31T23:04:11Z" finished-at="2020-10-31T23:04:11Z">
          <reporter-output>
          </reporter-output>
        </test-method> <!-- setUp -->
        <test-method status="PASS" signature="login()[pri:0, instance:naveenAutomaitonLB.TestNGBasics@9fc9f91]" name="login" is-config="true" duration-ms="0" started-at="2020-10-31T23:04:11Z" finished-at="2020-10-31T23:04:11Z">
          <reporter-output>
          </reporter-output>
        </test-method> <!-- login -->
        <test-method status="PASS" signature="launchBroweser()[pri:0, instance:naveenAutomaitonLB.TestNGBasics@9fc9f91]" name="launchBroweser" is-config="true" duration-ms="0" started-at="2020-10-31T23:04:11Z" finished-at="2020-10-31T23:04:11Z">
          <reporter-output>
          </reporter-output>
        </test-method> <!-- launchBroweser -->
        <test-method status="PASS" signature="googleTitl()[pri:0, instance:naveenAutomaitonLB.TestNGBasics@9fc9f91]" name="googleTitl" duration-ms="9" started-at="2020-10-31T23:04:11Z" finished-at="2020-10-31T23:04:11Z">
          <reporter-output>
          </reporter-output>
        </test-method> <!-- googleTitl -->
        <test-method status="PASS" signature="enterUrl()[pri:0, instance:naveenAutomaitonLB.TestNGBasics@9fc9f91]" name="enterUrl" is-config="true" duration-ms="0" started-at="2020-10-31T23:04:11Z" finished-at="2020-10-31T23:04:11Z">
          <reporter-output>
          </reporter-output>
        </test-method> <!-- enterUrl -->
        <test-method status="PASS" signature="logout()[pri:0, instance:naveenAutomaitonLB.TestNGBasics@9fc9f91]" name="logout" is-config="true" duration-ms="1" started-at="2020-10-31T23:04:11Z" finished-at="2020-10-31T23:04:11Z">
          <reporter-output>
          </reporter-output>
        </test-method> <!-- logout -->
        <test-method status="PASS" signature="googleTitl1()[pri:0, instance:naveenAutomaitonLB.TestNGBasics@9fc9f91]" name="googleTitl1" duration-ms="2" started-at="2020-10-31T23:04:11Z" finished-at="2020-10-31T23:04:11Z">
          <reporter-output>
          </reporter-output>
        </test-method> <!-- googleTitl1 -->
        <test-method status="PASS" signature="enterUrl()[pri:0, instance:naveenAutomaitonLB.TestNGBasics@9fc9f91]" name="enterUrl" is-config="true" duration-ms="0" started-at="2020-10-31T23:04:11Z" finished-at="2020-10-31T23:04:11Z">
          <reporter-output>
          </reporter-output>
        </test-method> <!-- enterUrl -->
        <test-method status="PASS" signature="logout()[pri:0, instance:naveenAutomaitonLB.TestNGBasics@9fc9f91]" name="logout" is-config="true" duration-ms="1" started-at="2020-10-31T23:04:11Z" finished-at="2020-10-31T23:04:11Z">
          <reporter-output>
          </reporter-output>
        </test-method> <!-- logout -->
        <test-method status="PASS" signature="enterUrl()[pri:0, instance:naveenAutomaitonLB.TestNGBasics@9fc9f91]" name="enterUrl" is-config="true" duration-ms="0" started-at="2020-10-31T23:04:11Z" finished-at="2020-10-31T23:04:11Z">
          <reporter-output>
          </reporter-output>
        </test-method> <!-- enterUrl -->
        <test-method status="PASS" signature="googleTitleTest()[pri:0, instance:naveenAutomaitonLB.TestNGBasics@9fc9f91]" name="googleTitleTest" duration-ms="1" started-at="2020-10-31T23:04:11Z" finished-at="2020-10-31T23:04:11Z">
          <reporter-output>
          </reporter-output>
        </test-method> <!-- googleTitleTest -->
        <test-method status="PASS" signature="logout()[pri:0, instance:naveenAutomaitonLB.TestNGBasics@9fc9f91]" name="logout" is-config="true" duration-ms="0" started-at="2020-10-31T23:04:11Z" finished-at="2020-10-31T23:04:11Z">
          <reporter-output>
          </reporter-output>
        </test-method> <!-- logout -->
        <test-method status="PASS" signature="closeBrowser()[pri:0, instance:naveenAutomaitonLB.TestNGBasics@9fc9f91]" name="closeBrowser" is-config="true" duration-ms="1" started-at="2020-10-31T23:04:11Z" finished-at="2020-10-31T23:04:11Z">
          <reporter-output>
          </reporter-output>
        </test-method> <!-- closeBrowser -->
        <test-method status="PASS" signature="deleteAllCookies()[pri:0, instance:naveenAutomaitonLB.TestNGBasics@9fc9f91]" name="deleteAllCookies" is-config="true" duration-ms="0" started-at="2020-10-31T23:04:11Z" finished-at="2020-10-31T23:04:11Z">
          <reporter-output>
          </reporter-output>
        </test-method> <!-- deleteAllCookies -->
        <test-method status="PASS" signature="generateTestReport()[pri:0, instance:naveenAutomaitonLB.TestNGBasics@9fc9f91]" name="generateTestReport" is-config="true" duration-ms="0" started-at="2020-10-31T23:04:11Z" finished-at="2020-10-31T23:04:11Z">
          <reporter-output>
          </reporter-output>
        </test-method> <!-- generateTestReport -->
      </class> <!-- naveenAutomaitonLB.TestNGBasics -->
    </test> <!-- Default test -->
  </suite> <!-- Default suite -->
</testng-results>
